============================================================
  Generated by:           Genus(TM) Synthesis Solution 19.11-s087_1
  Generated on:           Sep 12 2023  08:28:31 pm
  Module:                 mtm_riscv_chip
  Library domain:         WC_tc
    Domain index:         0
    Technology libraries: tcbn40lpbwpwc 120
                          ts1n40lpb4096x32m4m_ss0p99v125c v1.0
                          tpfn40lpgv2od3wc1 120a
  Library domain:         WCL_tc
    Domain index:         1
    Technology libraries: tcbn40lpbwpwcl 120
                          ts1n40lpb4096x32m4m_ss0p99vm40c v1.0
                          tpfn40lpgv2od3wcl1 120a
  Library domain:         WCZ_tc
    Domain index:         2
    Technology libraries: tcbn40lpbwpwcz 120
                          ts1n40lpb4096x32m4m_ss0p99v0c v1.0
                          tpfn40lpgv2od3wcz1 120a
  Library domain:         ML_tc
    Domain index:         3
    Technology libraries: tcbn40lpbwpml 120
                          ts1n40lpb4096x32m4m_ff1p21v125c v1.0
                          tpfn40lpgv2od3ml1 120a
  Library domain:         LT_tc
    Domain index:         4
    Technology libraries: tcbn40lpbwplt 120
                          ts1n40lpb4096x32m4m_ff1p21vm40c v1.0
                          tpfn40lpgv2od3lt1 120a
  Operating conditions:   WCCOM 
  Operating conditions:   WCLCOM 
  Operating conditions:   WCZCOM 
  Operating conditions:   MLCOM 
  Operating conditions:   LTCOM 
  Interconnect mode:      global
  Area mode:              physical library
============================================================

Timing
--------

Analysis view Clock  Period 
----------------------------
WC_av         clk1  20000.0 
WCL_av        clk1  20000.0 
WCZ_av        clk1  20000.0 


Analysis   Cost   Critical        Violating 
  View    Group  Path Slack  TNS    Paths   
--------------------------------------------
WC_av       clk1     2917.1  0.0          0 
         default   No paths  0.0          0 
--------------------------------------------
Total                       -0.0          0 
                                            
WCL_av      clk1        0.0  0.0          0 
         default   No paths  0.0          0 
--------------------------------------------
Total                       -0.0          0 
                                            
WCZ_av      clk1      941.0  0.0          0 
         default   No paths  0.0          0 
--------------------------------------------
Total                       -0.0          0 
                                            

Instance Count
--------------
Leaf Instance Count             6678 
Physical Instance count            0 
Sequential Instance Count       1547 
Combinational Instance Count    5131 
Hierarchical Instance Count       18 

Area
----
Cell Area                          261535.845
Physical Cell Area                 0.000
Total Cell Area (Cell+Physical)    261535.845
Net Area                           6184.277
Total Area (Cell+Physical+Net)     267720.122

Max Fanout                         1547 (soc_clk)
Min Fanout                         0 (soc_gpio_dout[4])
Average Fanout                     3.0
Terms to net ratio                 4.2201
Terms to instance ratio            4.4122
Runtime                            401.1587300000003 seconds
Elapsed Runtime                    333 seconds
Genus peak memory usage            1767.74 
Innovus peak memory usage          no_value 
Hostname                           cadence25
